Godot Engine v4.4.1.stable.official.49a5bc7b6 - https://godotengine.org
Vulkan 1.3.275 - Forward+ - Using Device #0: Intel - Intel(R) Iris(R) Xe Graphics

ERROR: Node not found: "../DustParticles" (relative to "/root/Testing/PLayer/Player/PlayerVisuals").
   at: get_node (scene/main/node.cpp:1877)
ERROR: Error calling from signal 'body_entered' to callable: 'CharacterBody2D(cyclist.gd)::_on_decelleration_detector_body_entered': Cannot convert argument 1 from Object to Object.
   at: emit_signalp (core/object/object.cpp:1249)
ERROR: Error calling from signal 'body_entered' to callable: 'Area2D(damage_box.gd)::_on_body_entered': Cannot convert argument 1 from Object to Object.
   at: emit_signalp (core/object/object.cpp:1249)
ERROR: Error calling from signal 'body_entered' to callable: 'CharacterBody2D(piggeon.gd)::_on_detection_range_body_entered': Cannot convert argument 1 from Object to Object.
   at: emit_signalp (core/object/object.cpp:1249)
ERROR: Error calling from signal 'body_entered' to callable: 'CharacterBody2D(piggeon.gd)::_on_detection_range_body_entered': Cannot convert argument 1 from Object to Object.
   at: emit_signalp (core/object/object.cpp:1249)
ERROR: Error calling from signal 'body_entered' to callable: 'Area2D(damage_box.gd)::_on_body_entered': Cannot convert argument 1 from Object to Object.
   at: emit_signalp (core/object/object.cpp:1249)
ERROR: Error calling from signal 'body_entered' to callable: 'Area2D(tombino.gd)::_on_body_entered': Cannot convert argument 1 from Object to Object.
   at: emit_signalp (core/object/object.cpp:1249)
ERROR: Error calling from signal 'body_entered' to callable: 'Area2D(damage_box.gd)::_on_body_entered': Cannot convert argument 1 from Object to Object.
   at: emit_signalp (core/object/object.cpp:1249)
ERROR: Error calling from signal 'body_entered' to callable: 'CharacterBody2D(cyclist.gd)::_on_decelleration_detector_body_entered': Cannot convert argument 1 from Object to Object.
   at: emit_signalp (core/object/object.cpp:1249)
ERROR: Error calling from signal 'body_entered' to callable: 'Area2D(damage_box.gd)::_on_body_entered': Cannot convert argument 1 from Object to Object.
   at: emit_signalp (core/object/object.cpp:1249)
ERROR: Error calling from signal 'body_entered' to callable: 'Area2D(damage_box.gd)::_on_body_entered': Cannot convert argument 1 from Object to Object.
   at: emit_signalp (core/object/object.cpp:1249)
ERROR: Error calling from signal 'body_entered' to callable: 'Area2D(damage_box.gd)::_on_body_entered': Cannot convert argument 1 from Object to Object.
   at: emit_signalp (core/object/object.cpp:1249)
ERROR: Error calling from signal 'body_entered' to callable: 'Area2D(damage_box.gd)::_on_body_entered': Cannot convert argument 1 from Object to Object.
   at: emit_signalp (core/object/object.cpp:1249)
ERROR: Error calling from signal 'body_entered' to callable: 'Area2D(damage_box.gd)::_on_body_entered': Cannot convert argument 1 from Object to Object.
   at: emit_signalp (core/object/object.cpp:1249)
ERROR: Error calling from signal 'body_entered' to callable: 'Area2D(damage_box.gd)::_on_body_entered': Cannot convert argument 1 from Object to Object.
   at: emit_signalp (core/object/object.cpp:1249)
ERROR: Error calling from signal 'body_entered' to callable: 'CharacterBody2D(cyclist.gd)::_on_player_detector_body_entered': Cannot convert argument 1 from Object to Object.
   at: emit_signalp (core/object/object.cpp:1249)
ERROR: Error calling from signal 'body_entered' to callable: 'CharacterBody2D(cyclist.gd)::_on_player_detector_body_entered': Cannot convert argument 1 from Object to Object.
   at: emit_signalp (core/object/object.cpp:1249)
ERROR: Error calling from signal 'body_entered' to callable: 'CharacterBody2D(cyclist.gd)::_on_player_detector_body_entered': Cannot convert argument 1 from Object to Object.
   at: emit_signalp (core/object/object.cpp:1249)
ERROR: Error calling from signal 'body_entered' to callable: 'CharacterBody2D(cyclist.gd)::_on_player_detector_body_entered': Cannot convert argument 1 from Object to Object.
   at: emit_signalp (core/object/object.cpp:1249)
ERROR: Error calling from signal 'body_entered' to callable: 'Area2D(damage_box.gd)::_on_body_entered': Cannot convert argument 1 from Object to Object.
   at: emit_signalp (core/object/object.cpp:1249)
ERROR: Error calling from signal 'body_entered' to callable: 'CharacterBody2D(piggeon.gd)::_on_detection_range_body_entered': Cannot convert argument 1 from Object to Object.
   at: emit_signalp (core/object/object.cpp:1249)
ERROR: Error calling from signal 'body_entered' to callable: 'CharacterBody2D(piggeon.gd)::_on_detection_range_body_entered': Cannot convert argument 1 from Object to Object.
   at: emit_signalp (core/object/object.cpp:1249)
ERROR: Error calling from signal 'body_entered' to callable: 'CharacterBody2D(piggeon.gd)::_on_detection_range_body_entered': Cannot convert argument 1 from Object to Object.
   at: emit_signalp (core/object/object.cpp:1249)
ERROR: Error calling from signal 'body_entered' to callable: 'CharacterBody2D(cyclist.gd)::_on_decelleration_detector_body_entered': Cannot convert argument 1 from Object to Object.
   at: emit_signalp (core/object/object.cpp:1249)
ERROR: Error calling from signal 'body_entered' to callable: 'CharacterBody2D(piggeon.gd)::_on_detection_range_body_entered': Cannot convert argument 1 from Object to Object.
   at: emit_signalp (core/object/object.cpp:1249)
ERROR: Error calling from signal 'body_entered' to callable: 'CharacterBody2D(piggeon.gd)::_on_detection_range_body_entered': Cannot convert argument 1 from Object to Object.
   at: emit_signalp (core/object/object.cpp:1249)
ERROR: Error calling from signal 'body_entered' to callable: 'CharacterBody2D(piggeon.gd)::_on_detection_range_body_entered': Cannot convert argument 1 from Object to Object.
   at: emit_signalp (core/object/object.cpp:1249)
ERROR: Error calling from signal 'body_entered' to callable: 'Area2D(damage_box.gd)::_on_body_entered': Cannot convert argument 1 from Object to Object.
   at: emit_signalp (core/object/object.cpp:1249)
ERROR: Error calling from signal 'body_entered' to callable: 'Area2D(damage_box.gd)::_on_body_entered': Cannot convert argument 1 from Object to Object.
   at: emit_signalp (core/object/object.cpp:1249)
ERROR: Error calling from signal 'body_entered' to callable: 'Area2D(damage_box.gd)::_on_body_entered': Cannot convert argument 1 from Object to Object.
   at: emit_signalp (core/object/object.cpp:1249)
ERROR: Error calling from signal 'body_entered' to callable: 'CharacterBody2D(cyclist.gd)::_on_player_detector_body_entered': Cannot convert argument 1 from Object to Object.
   at: emit_signalp (core/object/object.cpp:1249)
ERROR: Error calling from signal 'body_entered' to callable: 'CharacterBody2D(cyclist.gd)::_on_player_detector_body_entered': Cannot convert argument 1 from Object to Object.
   at: emit_signalp (core/object/object.cpp:1249)
ERROR: Error calling from signal 'body_entered' to callable: 'CharacterBody2D(cyclist.gd)::_on_player_detector_body_entered': Cannot convert argument 1 from Object to Object.
   at: emit_signalp (core/object/object.cpp:1249)
ERROR: Error calling from signal 'body_entered' to callable: 'CharacterBody2D(cyclist.gd)::_on_player_detector_body_entered': Cannot convert argument 1 from Object to Object.
   at: emit_signalp (core/object/object.cpp:1249)
ERROR: Error calling from signal 'body_entered' to callable: 'Area2D(damage_box.gd)::_on_body_entered': Cannot convert argument 1 from Object to Object.
   at: emit_signalp (core/object/object.cpp:1249)
ERROR: Error calling from signal 'body_entered' to callable: 'CharacterBody2D(piggeon.gd)::_on_detection_range_body_entered': Cannot convert argument 1 from Object to Object.
   at: emit_signalp (core/object/object.cpp:1249)
ERROR: Error calling from signal 'body_entered' to callable: 'CharacterBody2D(piggeon.gd)::_on_detection_range_body_entered': Cannot convert argument 1 from Object to Object.
   at: emit_signalp (core/object/object.cpp:1249)
ERROR: Error calling from signal 'body_entered' to callable: 'CharacterBody2D(piggeon.gd)::_on_detection_range_body_entered': Cannot convert argument 1 from Object to Object.
   at: emit_signalp (core/object/object.cpp:1249)
ERROR: Error calling from signal 'body_entered' to callable: 'CharacterBody2D(piggeon.gd)::_on_detection_range_body_entered': Cannot convert argument 1 from Object to Object.
   at: emit_signalp (core/object/object.cpp:1249)
ERROR: Error calling from signal 'body_entered' to callable: 'CharacterBody2D(piggeon.gd)::_on_detection_range_body_entered': Cannot convert argument 1 from Object to Object.
   at: emit_signalp (core/object/object.cpp:1249)
ERROR: Error calling from signal 'body_entered' to callable: 'CharacterBody2D(piggeon.gd)::_on_detection_range_body_entered': Cannot convert argument 1 from Object to Object.
   at: emit_signalp (core/object/object.cpp:1249)
ERROR: Error calling from signal 'body_entered' to callable: 'CharacterBody2D(piggeon.gd)::_on_detection_range_body_entered': Cannot convert argument 1 from Object to Object.
   at: emit_signalp (core/object/object.cpp:1249)
ERROR: Error calling from signal 'body_entered' to callable: 'CharacterBody2D(piggeon.gd)::_on_detection_range_body_entered': Cannot convert argument 1 from Object to Object.
   at: emit_signalp (core/object/object.cpp:1249)
ERROR: Error calling from signal 'body_entered' to callable: 'CharacterBody2D(piggeon.gd)::_on_detection_range_body_entered': Cannot convert argument 1 from Object to Object.
   at: emit_signalp (core/object/object.cpp:1249)
ERROR: Error calling from signal 'body_entered' to callable: 'CharacterBody2D(piggeon.gd)::_on_detection_range_body_entered': Cannot convert argument 1 from Object to Object.
   at: emit_signalp (core/object/object.cpp:1249)
ERROR: Error calling from signal 'body_entered' to callable: 'CharacterBody2D(cyclist.gd)::_on_player_detector_body_entered': Cannot convert argument 1 from Object to Object.
   at: emit_signalp (core/object/object.cpp:1249)
ERROR: Error calling from signal 'body_entered' to callable: 'CharacterBody2D(cyclist.gd)::_on_player_detector_body_entered': Cannot convert argument 1 from Object to Object.
   at: emit_signalp (core/object/object.cpp:1249)
ERROR: Error calling from signal 'body_entered' to callable: 'CharacterBody2D(cyclist.gd)::_on_player_detector_body_entered': Cannot convert argument 1 from Object to Object.
   at: emit_signalp (core/object/object.cpp:1249)
ERROR: Error calling from signal 'body_entered' to callable: 'CharacterBody2D(cyclist.gd)::_on_player_detector_body_entered': Cannot convert argument 1 from Object to Object.
   at: emit_signalp (core/object/object.cpp:1249)
ERROR: Error calling from signal 'body_entered' to callable: 'CharacterBody2D(cyclist.gd)::_on_player_detector_body_entered': Cannot convert argument 1 from Object to Object.
   at: emit_signalp (core/object/object.cpp:1249)
ERROR: Error calling from signal 'body_entered' to callable: 'Area2D(damage_box.gd)::_on_body_entered': Cannot convert argument 1 from Object to Object.
   at: emit_signalp (core/object/object.cpp:1249)
ERROR: Error calling from signal 'body_entered' to callable: 'CharacterBody2D(piggeon.gd)::_on_detection_range_body_entered': Cannot convert argument 1 from Object to Object.
   at: emit_signalp (core/object/object.cpp:1249)
ERROR: Error calling from signal 'body_entered' to callable: 'Area2D(damage_box.gd)::_on_body_entered': Cannot convert argument 1 from Object to Object.
   at: emit_signalp (core/object/object.cpp:1249)
ERROR: Error calling from signal 'body_entered' to callable: 'Area2D(trash_bag.gd)::_on_body_entered': Cannot convert argument 1 from Object to Object.
   at: emit_signalp (core/object/object.cpp:1249)
ERROR: Function blocked during in/out signal. Use set_deferred("monitoring", true/false).
   at: set_monitoring (scene/2d/physics/area_2d.cpp:426)
ERROR: Error calling from signal 'body_entered' to callable: 'CharacterBody2D(piggeon.gd)::_on_detection_range_body_entered': Cannot convert argument 1 from Object to Object.
   at: emit_signalp (core/object/object.cpp:1249)
ERROR: Error calling from signal 'body_entered' to callable: 'CharacterBody2D(cyclist.gd)::_on_hit_detector_body_entered': Cannot convert argument 1 from Object to Object.
   at: emit_signalp (core/object/object.cpp:1249)
ERROR: Error calling from signal 'body_entered' to callable: 'CharacterBody2D(cyclist.gd)::_on_player_detector_body_entered': Cannot convert argument 1 from Object to Object.
   at: emit_signalp (core/object/object.cpp:1249)
ERROR: Error calling from signal 'body_entered' to callable: 'CharacterBody2D(cyclist.gd)::_on_hit_detector_body_entered': Cannot convert argument 1 from Object to Object.
   at: emit_signalp (core/object/object.cpp:1249)
ERROR: Error calling from signal 'body_entered' to callable: 'Area2D(damage_box.gd)::_on_body_entered': Cannot convert argument 1 from Object to Object.
   at: emit_signalp (core/object/object.cpp:1249)
ERROR: Error calling from signal 'body_entered' to callable: 'CharacterBody2D(cyclist.gd)::_on_player_detector_body_entered': Cannot convert argument 1 from Object to Object.
   at: emit_signalp (core/object/object.cpp:1249)
ERROR: Error calling from signal 'body_exited' to callable: 'CharacterBody2D(cyclist.gd)::_on_player_detector_body_exited': Cannot convert argument 1 from Object to Object.
   at: emit_signalp (core/object/object.cpp:1249)
ERROR: Error calling from signal 'body_exited' to callable: 'CharacterBody2D(cyclist.gd)::_on_player_detector_body_exited': Cannot convert argument 1 from Object to Object.
   at: emit_signalp (core/object/object.cpp:1249)
ERROR: Error calling from signal 'body_exited' to callable: 'CharacterBody2D(cyclist.gd)::_on_player_detector_body_exited': Cannot convert argument 1 from Object to Object.
   at: emit_signalp (core/object/object.cpp:1249)
ERROR: Error calling from signal 'body_exited' to callable: 'CharacterBody2D(cyclist.gd)::_on_player_detector_body_exited': Cannot convert argument 1 from Object to Object.
   at: emit_signalp (core/object/object.cpp:1249)
ERROR: Error calling from signal 'body_exited' to callable: 'CharacterBody2D(cyclist.gd)::_on_player_detector_body_exited': Cannot convert argument 1 from Object to Object.
   at: emit_signalp (core/object/object.cpp:1249)
ERROR: Error calling from signal 'body_exited' to callable: 'CharacterBody2D(cyclist.gd)::_on_player_detector_body_exited': Cannot convert argument 1 from Object to Object.
   at: emit_signalp (core/object/object.cpp:1249)
ERROR: Error calling from signal 'body_exited' to callable: 'CharacterBody2D(cyclist.gd)::_on_player_detector_body_exited': Cannot convert argument 1 from Object to Object.
   at: emit_signalp (core/object/object.cpp:1249)
ERROR: Error calling from signal 'body_exited' to callable: 'CharacterBody2D(cyclist.gd)::_on_player_detector_body_exited': Cannot convert argument 1 from Object to Object.
   at: emit_signalp (core/object/object.cpp:1249)
ERROR: Error calling from signal 'body_exited' to callable: 'CharacterBody2D(cyclist.gd)::_on_player_detector_body_exited': Cannot convert argument 1 from Object to Object.
   at: emit_signalp (core/object/object.cpp:1249)
ERROR: Error calling from signal 'body_exited' to callable: 'CharacterBody2D(cyclist.gd)::_on_player_detector_body_exited': Cannot convert argument 1 from Object to Object.
   at: emit_signalp (core/object/object.cpp:1249)
ERROR: Error calling from signal 'body_exited' to callable: 'CharacterBody2D(cyclist.gd)::_on_player_detector_body_exited': Cannot convert argument 1 from Object to Object.
   at: emit_signalp (core/object/object.cpp:1249)
ERROR: Error calling from signal 'body_exited' to callable: 'CharacterBody2D(cyclist.gd)::_on_player_detector_body_exited': Cannot convert argument 1 from Object to Object.
   at: emit_signalp (core/object/object.cpp:1249)
ERROR: Error calling from signal 'body_exited' to callable: 'CharacterBody2D(cyclist.gd)::_on_player_detector_body_exited': Cannot convert argument 1 from Object to Object.
   at: emit_signalp (core/object/object.cpp:1249)
ERROR: Error calling from signal 'body_exited' to callable: 'CharacterBody2D(cyclist.gd)::_on_player_detector_body_exited': Cannot convert argument 1 from Object to Object.
   at: emit_signalp (core/object/object.cpp:1249)
ERROR: Error calling from signal 'body_exited' to callable: 'CharacterBody2D(cyclist.gd)::_on_player_detector_body_exited': Cannot convert argument 1 from Object to Object.
   at: emit_signalp (core/object/object.cpp:1249)
ERROR: Node not found: "../DustParticles" (relative to "/root/Testing/PLayer/Player/PlayerVisuals").
   at: get_node (scene/main/node.cpp:1877)
ERROR: Error calling from signal 'body_entered' to callable: 'CharacterBody2D(cyclist.gd)::_on_decelleration_detector_body_entered': Cannot convert argument 1 from Object to Object.
   at: emit_signalp (core/object/object.cpp:1249)
ERROR: Error calling from signal 'body_entered' to callable: 'Area2D(damage_box.gd)::_on_body_entered': Cannot convert argument 1 from Object to Object.
   at: emit_signalp (core/object/object.cpp:1249)
ERROR: Error calling from signal 'body_entered' to callable: 'CharacterBody2D(piggeon.gd)::_on_detection_range_body_entered': Cannot convert argument 1 from Object to Object.
   at: emit_signalp (core/object/object.cpp:1249)
ERROR: Error calling from signal 'body_entered' to callable: 'CharacterBody2D(piggeon.gd)::_on_detection_range_body_entered': Cannot convert argument 1 from Object to Object.
   at: emit_signalp (core/object/object.cpp:1249)
ERROR: Error calling from signal 'body_entered' to callable: 'Area2D(damage_box.gd)::_on_body_entered': Cannot convert argument 1 from Object to Object.
   at: emit_signalp (core/object/object.cpp:1249)
ERROR: Error calling from signal 'body_entered' to callable: 'Area2D(tombino.gd)::_on_body_entered': Cannot convert argument 1 from Object to Object.
   at: emit_signalp (core/object/object.cpp:1249)
ERROR: Error calling from signal 'body_entered' to callable: 'Area2D(damage_box.gd)::_on_body_entered': Cannot convert argument 1 from Object to Object.
   at: emit_signalp (core/object/object.cpp:1249)
ERROR: Error calling from signal 'body_entered' to callable: 'CharacterBody2D(cyclist.gd)::_on_decelleration_detector_body_entered': Cannot convert argument 1 from Object to Object.
   at: emit_signalp (core/object/object.cpp:1249)
ERROR: Error calling from signal 'body_entered' to callable: 'Area2D(damage_box.gd)::_on_body_entered': Cannot convert argument 1 from Object to Object.
   at: emit_signalp (core/object/object.cpp:1249)
ERROR: Error calling from signal 'body_entered' to callable: 'Area2D(damage_box.gd)::_on_body_entered': Cannot convert argument 1 from Object to Object.
   at: emit_signalp (core/object/object.cpp:1249)
ERROR: Error calling from signal 'body_entered' to callable: 'Area2D(damage_box.gd)::_on_body_entered': Cannot convert argument 1 from Object to Object.
   at: emit_signalp (core/object/object.cpp:1249)
ERROR: Error calling from signal 'body_entered' to callable: 'Area2D(damage_box.gd)::_on_body_entered': Cannot convert argument 1 from Object to Object.
   at: emit_signalp (core/object/object.cpp:1249)
ERROR: Error calling from signal 'body_entered' to callable: 'Area2D(damage_box.gd)::_on_body_entered': Cannot convert argument 1 from Object to Object.
   at: emit_signalp (core/object/object.cpp:1249)
ERROR: Error calling from signal 'body_entered' to callable: 'Area2D(damage_box.gd)::_on_body_entered': Cannot convert argument 1 from Object to Object.
   at: emit_signalp (core/object/object.cpp:1249)
ERROR: Error calling from signal 'body_entered' to callable: 'CharacterBody2D(cyclist.gd)::_on_player_detector_body_entered': Cannot convert argument 1 from Object to Object.
   at: emit_signalp (core/object/object.cpp:1249)
ERROR: Error calling from signal 'body_entered' to callable: 'CharacterBody2D(cyclist.gd)::_on_player_detector_body_entered': Cannot convert argument 1 from Object to Object.
   at: emit_signalp (core/object/object.cpp:1249)
ERROR: Error calling from signal 'body_entered' to callable: 'CharacterBody2D(cyclist.gd)::_on_player_detector_body_entered': Cannot convert argument 1 from Object to Object.
   at: emit_signalp (core/object/object.cpp:1249)
ERROR: Error calling from signal 'body_entered' to callable: 'CharacterBody2D(cyclist.gd)::_on_player_detector_body_entered': Cannot convert argument 1 from Object to Object.
   at: emit_signalp (core/object/object.cpp:1249)
ERROR: Error calling from signal 'body_entered' to callable: 'Area2D(damage_box.gd)::_on_body_entered': Cannot convert argument 1 from Object to Object.
   at: emit_signalp (core/object/object.cpp:1249)
ERROR: Error calling from signal 'body_entered' to callable: 'CharacterBody2D(piggeon.gd)::_on_detection_range_body_entered': Cannot convert argument 1 from Object to Object.
   at: emit_signalp (core/object/object.cpp:1249)
ERROR: Error calling from signal 'body_entered' to callable: 'CharacterBody2D(piggeon.gd)::_on_detection_range_body_entered': Cannot convert argument 1 from Object to Object.
   at: emit_signalp (core/object/object.cpp:1249)
ERROR: Error calling from signal 'body_entered' to callable: 'CharacterBody2D(piggeon.gd)::_on_detection_range_body_entered': Cannot convert argument 1 from Object to Object.
   at: emit_signalp (core/object/object.cpp:1249)
ERROR: Error calling from signal 'body_entered' to callable: 'CharacterBody2D(cyclist.gd)::_on_decelleration_detector_body_entered': Cannot convert argument 1 from Object to Object.
   at: emit_signalp (core/object/object.cpp:1249)
ERROR: Error calling from signal 'body_entered' to callable: 'CharacterBody2D(piggeon.gd)::_on_detection_range_body_entered': Cannot convert argument 1 from Object to Object.
   at: emit_signalp (core/object/object.cpp:1249)
ERROR: Error calling from signal 'body_entered' to callable: 'CharacterBody2D(piggeon.gd)::_on_detection_range_body_entered': Cannot convert argument 1 from Object to Object.
   at: emit_signalp (core/object/object.cpp:1249)
ERROR: Error calling from signal 'body_entered' to callable: 'CharacterBody2D(piggeon.gd)::_on_detection_range_body_entered': Cannot convert argument 1 from Object to Object.
   at: emit_signalp (core/object/object.cpp:1249)
ERROR: Error calling from signal 'body_entered' to callable: 'Area2D(damage_box.gd)::_on_body_entered': Cannot convert argument 1 from Object to Object.
   at: emit_signalp (core/object/object.cpp:1249)
ERROR: Error calling from signal 'body_entered' to callable: 'Area2D(damage_box.gd)::_on_body_entered': Cannot convert argument 1 from Object to Object.
   at: emit_signalp (core/object/object.cpp:1249)
ERROR: Error calling from signal 'body_entered' to callable: 'Area2D(damage_box.gd)::_on_body_entered': Cannot convert argument 1 from Object to Object.
   at: emit_signalp (core/object/object.cpp:1249)
ERROR: Error calling from signal 'body_entered' to callable: 'CharacterBody2D(cyclist.gd)::_on_player_detector_body_entered': Cannot convert argument 1 from Object to Object.
   at: emit_signalp (core/object/object.cpp:1249)
ERROR: Error calling from signal 'body_entered' to callable: 'CharacterBody2D(cyclist.gd)::_on_player_detector_body_entered': Cannot convert argument 1 from Object to Object.
   at: emit_signalp (core/object/object.cpp:1249)
ERROR: Error calling from signal 'body_entered' to callable: 'CharacterBody2D(cyclist.gd)::_on_player_detector_body_entered': Cannot convert argument 1 from Object to Object.
   at: emit_signalp (core/object/object.cpp:1249)
ERROR: Error calling from signal 'body_entered' to callable: 'CharacterBody2D(cyclist.gd)::_on_player_detector_body_entered': Cannot convert argument 1 from Object to Object.
   at: emit_signalp (core/object/object.cpp:1249)
ERROR: Error calling from signal 'body_entered' to callable: 'Area2D(damage_box.gd)::_on_body_entered': Cannot convert argument 1 from Object to Object.
   at: emit_signalp (core/object/object.cpp:1249)
ERROR: Error calling from signal 'body_entered' to callable: 'CharacterBody2D(piggeon.gd)::_on_detection_range_body_entered': Cannot convert argument 1 from Object to Object.
   at: emit_signalp (core/object/object.cpp:1249)
ERROR: Error calling from signal 'body_entered' to callable: 'CharacterBody2D(piggeon.gd)::_on_detection_range_body_entered': Cannot convert argument 1 from Object to Object.
   at: emit_signalp (core/object/object.cpp:1249)
ERROR: Error calling from signal 'body_entered' to callable: 'CharacterBody2D(piggeon.gd)::_on_detection_range_body_entered': Cannot convert argument 1 from Object to Object.
   at: emit_signalp (core/object/object.cpp:1249)
ERROR: Error calling from signal 'body_entered' to callable: 'CharacterBody2D(piggeon.gd)::_on_detection_range_body_entered': Cannot convert argument 1 from Object to Object.
   at: emit_signalp (core/object/object.cpp:1249)
ERROR: Error calling from signal 'body_entered' to callable: 'CharacterBody2D(piggeon.gd)::_on_detection_range_body_entered': Cannot convert argument 1 from Object to Object.
   at: emit_signalp (core/object/object.cpp:1249)
ERROR: Error calling from signal 'body_entered' to callable: 'CharacterBody2D(piggeon.gd)::_on_detection_range_body_entered': Cannot convert argument 1 from Object to Object.
   at: emit_signalp (core/object/object.cpp:1249)
ERROR: Error calling from signal 'body_entered' to callable: 'CharacterBody2D(piggeon.gd)::_on_detection_range_body_entered': Cannot convert argument 1 from Object to Object.
   at: emit_signalp (core/object/object.cpp:1249)
ERROR: Error calling from signal 'body_entered' to callable: 'CharacterBody2D(piggeon.gd)::_on_detection_range_body_entered': Cannot convert argument 1 from Object to Object.
   at: emit_signalp (core/object/object.cpp:1249)
ERROR: Error calling from signal 'body_entered' to callable: 'CharacterBody2D(piggeon.gd)::_on_detection_range_body_entered': Cannot convert argument 1 from Object to Object.
   at: emit_signalp (core/object/object.cpp:1249)
ERROR: Error calling from signal 'body_entered' to callable: 'CharacterBody2D(piggeon.gd)::_on_detection_range_body_entered': Cannot convert argument 1 from Object to Object.
   at: emit_signalp (core/object/object.cpp:1249)
ERROR: Error calling from signal 'body_entered' to callable: 'CharacterBody2D(cyclist.gd)::_on_player_detector_body_entered': Cannot convert argument 1 from Object to Object.
   at: emit_signalp (core/object/object.cpp:1249)
ERROR: Error calling from signal 'body_entered' to callable: 'CharacterBody2D(cyclist.gd)::_on_player_detector_body_entered': Cannot convert argument 1 from Object to Object.
   at: emit_signalp (core/object/object.cpp:1249)
ERROR: Error calling from signal 'body_entered' to callable: 'CharacterBody2D(cyclist.gd)::_on_player_detector_body_entered': Cannot convert argument 1 from Object to Object.
   at: emit_signalp (core/object/object.cpp:1249)
ERROR: Error calling from signal 'body_entered' to callable: 'CharacterBody2D(cyclist.gd)::_on_player_detector_body_entered': Cannot convert argument 1 from Object to Object.
   at: emit_signalp (core/object/object.cpp:1249)
ERROR: Error calling from signal 'body_entered' to callable: 'CharacterBody2D(cyclist.gd)::_on_player_detector_body_entered': Cannot convert argument 1 from Object to Object.
   at: emit_signalp (core/object/object.cpp:1249)
ERROR: Error calling from signal 'body_entered' to callable: 'Area2D(damage_box.gd)::_on_body_entered': Cannot convert argument 1 from Object to Object.
   at: emit_signalp (core/object/object.cpp:1249)
ERROR: Error calling from signal 'body_entered' to callable: 'CharacterBody2D(piggeon.gd)::_on_detection_range_body_entered': Cannot convert argument 1 from Object to Object.
   at: emit_signalp (core/object/object.cpp:1249)
ERROR: Error calling from signal 'body_entered' to callable: 'Area2D(damage_box.gd)::_on_body_entered': Cannot convert argument 1 from Object to Object.
   at: emit_signalp (core/object/object.cpp:1249)
ERROR: Error calling from signal 'body_entered' to callable: 'Area2D(trash_bag.gd)::_on_body_entered': Cannot convert argument 1 from Object to Object.
   at: emit_signalp (core/object/object.cpp:1249)
ERROR: Function blocked during in/out signal. Use set_deferred("monitoring", true/false).
   at: set_monitoring (scene/2d/physics/area_2d.cpp:426)
ERROR: Error calling from signal 'body_entered' to callable: 'CharacterBody2D(piggeon.gd)::_on_detection_range_body_entered': Cannot convert argument 1 from Object to Object.
   at: emit_signalp (core/object/object.cpp:1249)
ERROR: Error calling from signal 'body_entered' to callable: 'CharacterBody2D(cyclist.gd)::_on_hit_detector_body_entered': Cannot convert argument 1 from Object to Object.
   at: emit_signalp (core/object/object.cpp:1249)
ERROR: Error calling from signal 'body_entered' to callable: 'CharacterBody2D(cyclist.gd)::_on_player_detector_body_entered': Cannot convert argument 1 from Object to Object.
   at: emit_signalp (core/object/object.cpp:1249)
ERROR: Error calling from signal 'body_entered' to callable: 'CharacterBody2D(cyclist.gd)::_on_hit_detector_body_entered': Cannot convert argument 1 from Object to Object.
   at: emit_signalp (core/object/object.cpp:1249)
ERROR: Error calling from signal 'body_entered' to callable: 'Area2D(damage_box.gd)::_on_body_entered': Cannot convert argument 1 from Object to Object.
   at: emit_signalp (core/object/object.cpp:1249)
ERROR: Error calling from signal 'body_exited' to callable: 'CharacterBody2D(cyclist.gd)::_on_player_detector_body_exited': Cannot convert argument 1 from Object to Object.
   at: emit_signalp (core/object/object.cpp:1249)
ERROR: Error calling from signal 'body_exited' to callable: 'CharacterBody2D(cyclist.gd)::_on_player_detector_body_exited': Cannot convert argument 1 from Object to Object.
   at: emit_signalp (core/object/object.cpp:1249)
ERROR: Error calling from signal 'body_exited' to callable: 'CharacterBody2D(cyclist.gd)::_on_player_detector_body_exited': Cannot convert argument 1 from Object to Object.
   at: emit_signalp (core/object/object.cpp:1249)
ERROR: Error calling from signal 'body_exited' to callable: 'CharacterBody2D(cyclist.gd)::_on_player_detector_body_exited': Cannot convert argument 1 from Object to Object.
   at: emit_signalp (core/object/object.cpp:1249)
ERROR: Error calling from signal 'body_exited' to callable: 'CharacterBody2D(cyclist.gd)::_on_player_detector_body_exited': Cannot convert argument 1 from Object to Object.
   at: emit_signalp (core/object/object.cpp:1249)
ERROR: Error calling from signal 'body_exited' to callable: 'CharacterBody2D(cyclist.gd)::_on_player_detector_body_exited': Cannot convert argument 1 from Object to Object.
   at: emit_signalp (core/object/object.cpp:1249)
ERROR: Error calling from signal 'body_exited' to callable: 'CharacterBody2D(cyclist.gd)::_on_player_detector_body_exited': Cannot convert argument 1 from Object to Object.
   at: emit_signalp (core/object/object.cpp:1249)
ERROR: Error calling from signal 'body_exited' to callable: 'CharacterBody2D(cyclist.gd)::_on_player_detector_body_exited': Cannot convert argument 1 from Object to Object.
   at: emit_signalp (core/object/object.cpp:1249)
ERROR: Error calling from signal 'body_exited' to callable: 'CharacterBody2D(cyclist.gd)::_on_player_detector_body_exited': Cannot convert argument 1 from Object to Object.
   at: emit_signalp (core/object/object.cpp:1249)
ERROR: Error calling from signal 'body_exited' to callable: 'CharacterBody2D(cyclist.gd)::_on_player_detector_body_exited': Cannot convert argument 1 from Object to Object.
   at: emit_signalp (core/object/object.cpp:1249)
ERROR: Error calling from signal 'body_exited' to callable: 'CharacterBody2D(cyclist.gd)::_on_player_detector_body_exited': Cannot convert argument 1 from Object to Object.
   at: emit_signalp (core/object/object.cpp:1249)
ERROR: Error calling from signal 'body_exited' to callable: 'CharacterBody2D(cyclist.gd)::_on_player_detector_body_exited': Cannot convert argument 1 from Object to Object.
   at: emit_signalp (core/object/object.cpp:1249)
ERROR: Error calling from signal 'body_exited' to callable: 'CharacterBody2D(cyclist.gd)::_on_player_detector_body_exited': Cannot convert argument 1 from Object to Object.
   at: emit_signalp (core/object/object.cpp:1249)
ERROR: Error calling from signal 'body_exited' to callable: 'CharacterBody2D(cyclist.gd)::_on_player_detector_body_exited': Cannot convert argument 1 from Object to Object.
   at: emit_signalp (core/object/object.cpp:1249)
ERROR: Node not found: "../DustParticles" (relative to "/root/Testing/PLayer/Player/PlayerVisuals").
   at: get_node (scene/main/node.cpp:1877)
ERROR: Error calling from signal 'body_entered' to callable: 'CharacterBody2D(cyclist.gd)::_on_decelleration_detector_body_entered': Cannot convert argument 1 from Object to Object.
   at: emit_signalp (core/object/object.cpp:1249)
ERROR: Error calling from signal 'body_entered' to callable: 'Area2D(damage_box.gd)::_on_body_entered': Cannot convert argument 1 from Object to Object.
   at: emit_signalp (core/object/object.cpp:1249)
ERROR: Error calling from signal 'body_entered' to callable: 'CharacterBody2D(piggeon.gd)::_on_detection_range_body_entered': Cannot convert argument 1 from Object to Object.
   at: emit_signalp (core/object/object.cpp:1249)
ERROR: Error calling from signal 'body_entered' to callable: 'CharacterBody2D(piggeon.gd)::_on_detection_range_body_entered': Cannot convert argument 1 from Object to Object.
   at: emit_signalp (core/object/object.cpp:1249)
ERROR: Error calling from signal 'body_entered' to callable: 'Area2D(damage_box.gd)::_on_body_entered': Cannot convert argument 1 from Object to Object.
   at: emit_signalp (core/object/object.cpp:1249)
ERROR: Error calling from signal 'body_entered' to callable: 'Area2D(tombino.gd)::_on_body_entered': Cannot convert argument 1 from Object to Object.
   at: emit_signalp (core/object/object.cpp:1249)
ERROR: Error calling from signal 'body_entered' to callable: 'Area2D(damage_box.gd)::_on_body_entered': Cannot convert argument 1 from Object to Object.
   at: emit_signalp (core/object/object.cpp:1249)
ERROR: Error calling from signal 'body_entered' to callable: 'CharacterBody2D(cyclist.gd)::_on_decelleration_detector_body_entered': Cannot convert argument 1 from Object to Object.
   at: emit_signalp (core/object/object.cpp:1249)
ERROR: Error calling from signal 'body_entered' to callable: 'Area2D(damage_box.gd)::_on_body_entered': Cannot convert argument 1 from Object to Object.
   at: emit_signalp (core/object/object.cpp:1249)
ERROR: Error calling from signal 'body_entered' to callable: 'Area2D(damage_box.gd)::_on_body_entered': Cannot convert argument 1 from Object to Object.
   at: emit_signalp (core/object/object.cpp:1249)
ERROR: Error calling from signal 'body_entered' to callable: 'Area2D(damage_box.gd)::_on_body_entered': Cannot convert argument 1 from Object to Object.
   at: emit_signalp (core/object/object.cpp:1249)
ERROR: Error calling from signal 'body_entered' to callable: 'Area2D(damage_box.gd)::_on_body_entered': Cannot convert argument 1 from Object to Object.
   at: emit_signalp (core/object/object.cpp:1249)
ERROR: Error calling from signal 'body_entered' to callable: 'Area2D(damage_box.gd)::_on_body_entered': Cannot convert argument 1 from Object to Object.
   at: emit_signalp (core/object/object.cpp:1249)
ERROR: Error calling from signal 'body_entered' to callable: 'Area2D(damage_box.gd)::_on_body_entered': Cannot convert argument 1 from Object to Object.
   at: emit_signalp (core/object/object.cpp:1249)
ERROR: Error calling from signal 'body_entered' to callable: 'CharacterBody2D(cyclist.gd)::_on_player_detector_body_entered': Cannot convert argument 1 from Object to Object.
   at: emit_signalp (core/object/object.cpp:1249)
ERROR: Error calling from signal 'body_entered' to callable: 'CharacterBody2D(cyclist.gd)::_on_player_detector_body_entered': Cannot convert argument 1 from Object to Object.
   at: emit_signalp (core/object/object.cpp:1249)
ERROR: Error calling from signal 'body_entered' to callable: 'CharacterBody2D(cyclist.gd)::_on_player_detector_body_entered': Cannot convert argument 1 from Object to Object.
   at: emit_signalp (core/object/object.cpp:1249)
ERROR: Error calling from signal 'body_entered' to callable: 'CharacterBody2D(cyclist.gd)::_on_player_detector_body_entered': Cannot convert argument 1 from Object to Object.
   at: emit_signalp (core/object/object.cpp:1249)
ERROR: Error calling from signal 'body_entered' to callable: 'Area2D(damage_box.gd)::_on_body_entered': Cannot convert argument 1 from Object to Object.
   at: emit_signalp (core/object/object.cpp:1249)
ERROR: Error calling from signal 'body_entered' to callable: 'CharacterBody2D(piggeon.gd)::_on_detection_range_body_entered': Cannot convert argument 1 from Object to Object.
   at: emit_signalp (core/object/object.cpp:1249)
ERROR: Error calling from signal 'body_entered' to callable: 'CharacterBody2D(piggeon.gd)::_on_detection_range_body_entered': Cannot convert argument 1 from Object to Object.
   at: emit_signalp (core/object/object.cpp:1249)
ERROR: Error calling from signal 'body_entered' to callable: 'CharacterBody2D(piggeon.gd)::_on_detection_range_body_entered': Cannot convert argument 1 from Object to Object.
   at: emit_signalp (core/object/object.cpp:1249)
ERROR: Error calling from signal 'body_entered' to callable: 'CharacterBody2D(cyclist.gd)::_on_decelleration_detector_body_entered': Cannot convert argument 1 from Object to Object.
   at: emit_signalp (core/object/object.cpp:1249)
ERROR: Error calling from signal 'body_entered' to callable: 'CharacterBody2D(piggeon.gd)::_on_detection_range_body_entered': Cannot convert argument 1 from Object to Object.
   at: emit_signalp (core/object/object.cpp:1249)
ERROR: Error calling from signal 'body_entered' to callable: 'CharacterBody2D(piggeon.gd)::_on_detection_range_body_entered': Cannot convert argument 1 from Object to Object.
   at: emit_signalp (core/object/object.cpp:1249)
ERROR: Error calling from signal 'body_entered' to callable: 'CharacterBody2D(piggeon.gd)::_on_detection_range_body_entered': Cannot convert argument 1 from Object to Object.
   at: emit_signalp (core/object/object.cpp:1249)
ERROR: Error calling from signal 'body_entered' to callable: 'Area2D(damage_box.gd)::_on_body_entered': Cannot convert argument 1 from Object to Object.
   at: emit_signalp (core/object/object.cpp:1249)
ERROR: Error calling from signal 'body_entered' to callable: 'Area2D(damage_box.gd)::_on_body_entered': Cannot convert argument 1 from Object to Object.
   at: emit_signalp (core/object/object.cpp:1249)
ERROR: Error calling from signal 'body_entered' to callable: 'Area2D(damage_box.gd)::_on_body_entered': Cannot convert argument 1 from Object to Object.
   at: emit_signalp (core/object/object.cpp:1249)
ERROR: Error calling from signal 'body_entered' to callable: 'CharacterBody2D(cyclist.gd)::_on_player_detector_body_entered': Cannot convert argument 1 from Object to Object.
   at: emit_signalp (core/object/object.cpp:1249)
ERROR: Error calling from signal 'body_entered' to callable: 'CharacterBody2D(cyclist.gd)::_on_player_detector_body_entered': Cannot convert argument 1 from Object to Object.
   at: emit_signalp (core/object/object.cpp:1249)
ERROR: Error calling from signal 'body_entered' to callable: 'CharacterBody2D(cyclist.gd)::_on_player_detector_body_entered': Cannot convert argument 1 from Object to Object.
   at: emit_signalp (core/object/object.cpp:1249)
ERROR: Error calling from signal 'body_entered' to callable: 'CharacterBody2D(cyclist.gd)::_on_player_detector_body_entered': Cannot convert argument 1 from Object to Object.
   at: emit_signalp (core/object/object.cpp:1249)
ERROR: Error calling from signal 'body_entered' to callable: 'Area2D(damage_box.gd)::_on_body_entered': Cannot convert argument 1 from Object to Object.
   at: emit_signalp (core/object/object.cpp:1249)
ERROR: Error calling from signal 'body_entered' to callable: 'CharacterBody2D(piggeon.gd)::_on_detection_range_body_entered': Cannot convert argument 1 from Object to Object.
   at: emit_signalp (core/object/object.cpp:1249)
ERROR: Error calling from signal 'body_entered' to callable: 'CharacterBody2D(piggeon.gd)::_on_detection_range_body_entered': Cannot convert argument 1 from Object to Object.
   at: emit_signalp (core/object/object.cpp:1249)
ERROR: Error calling from signal 'body_entered' to callable: 'CharacterBody2D(piggeon.gd)::_on_detection_range_body_entered': Cannot convert argument 1 from Object to Object.
   at: emit_signalp (core/object/object.cpp:1249)
ERROR: Error calling from signal 'body_entered' to callable: 'CharacterBody2D(piggeon.gd)::_on_detection_range_body_entered': Cannot convert argument 1 from Object to Object.
   at: emit_signalp (core/object/object.cpp:1249)
ERROR: Error calling from signal 'body_entered' to callable: 'CharacterBody2D(piggeon.gd)::_on_detection_range_body_entered': Cannot convert argument 1 from Object to Object.
   at: emit_signalp (core/object/object.cpp:1249)
ERROR: Error calling from signal 'body_entered' to callable: 'CharacterBody2D(piggeon.gd)::_on_detection_range_body_entered': Cannot convert argument 1 from Object to Object.
   at: emit_signalp (core/object/object.cpp:1249)
ERROR: Error calling from signal 'body_entered' to callable: 'CharacterBody2D(piggeon.gd)::_on_detection_range_body_entered': Cannot convert argument 1 from Object to Object.
   at: emit_signalp (core/object/object.cpp:1249)
ERROR: Error calling from signal 'body_entered' to callable: 'CharacterBody2D(piggeon.gd)::_on_detection_range_body_entered': Cannot convert argument 1 from Object to Object.
   at: emit_signalp (core/object/object.cpp:1249)
ERROR: Error calling from signal 'body_entered' to callable: 'CharacterBody2D(piggeon.gd)::_on_detection_range_body_entered': Cannot convert argument 1 from Object to Object.
   at: emit_signalp (core/object/object.cpp:1249)
ERROR: Error calling from signal 'body_entered' to callable: 'CharacterBody2D(piggeon.gd)::_on_detection_range_body_entered': Cannot convert argument 1 from Object to Object.
   at: emit_signalp (core/object/object.cpp:1249)
ERROR: Error calling from signal 'body_entered' to callable: 'CharacterBody2D(cyclist.gd)::_on_player_detector_body_entered': Cannot convert argument 1 from Object to Object.
   at: emit_signalp (core/object/object.cpp:1249)
ERROR: Error calling from signal 'body_entered' to callable: 'CharacterBody2D(cyclist.gd)::_on_player_detector_body_entered': Cannot convert argument 1 from Object to Object.
   at: emit_signalp (core/object/object.cpp:1249)
ERROR: Error calling from signal 'body_entered' to callable: 'CharacterBody2D(cyclist.gd)::_on_player_detector_body_entered': Cannot convert argument 1 from Object to Object.
   at: emit_signalp (core/object/object.cpp:1249)
ERROR: Error calling from signal 'body_entered' to callable: 'CharacterBody2D(cyclist.gd)::_on_player_detector_body_entered': Cannot convert argument 1 from Object to Object.
   at: emit_signalp (core/object/object.cpp:1249)
ERROR: Error calling from signal 'body_entered' to callable: 'CharacterBody2D(cyclist.gd)::_on_player_detector_body_entered': Cannot convert argument 1 from Object to Object.
   at: emit_signalp (core/object/object.cpp:1249)
ERROR: Error calling from signal 'body_entered' to callable: 'Area2D(damage_box.gd)::_on_body_entered': Cannot convert argument 1 from Object to Object.
   at: emit_signalp (core/object/object.cpp:1249)
ERROR: Error calling from signal 'body_entered' to callable: 'CharacterBody2D(piggeon.gd)::_on_detection_range_body_entered': Cannot convert argument 1 from Object to Object.
   at: emit_signalp (core/object/object.cpp:1249)
ERROR: Error calling from signal 'body_entered' to callable: 'Area2D(damage_box.gd)::_on_body_entered': Cannot convert argument 1 from Object to Object.
   at: emit_signalp (core/object/object.cpp:1249)
ERROR: Error calling from signal 'body_entered' to callable: 'Area2D(trash_bag.gd)::_on_body_entered': Cannot convert argument 1 from Object to Object.
   at: emit_signalp (core/object/object.cpp:1249)
ERROR: Function blocked during in/out signal. Use set_deferred("monitoring", true/false).
   at: set_monitoring (scene/2d/physics/area_2d.cpp:426)
ERROR: Error calling from signal 'body_entered' to callable: 'CharacterBody2D(piggeon.gd)::_on_detection_range_body_entered': Cannot convert argument 1 from Object to Object.
   at: emit_signalp (core/object/object.cpp:1249)
ERROR: Function blocked during in/out signal. Use set_deferred("monitoring", true/false).
   at: set_monitoring (scene/2d/physics/area_2d.cpp:426)
ERROR: Function blocked during in/out signal. Use set_deferred("monitorable", true/false).
   at: set_monitorable (scene/2d/physics/area_2d.cpp:445)
ERROR: Error calling from signal 'body_exited' to callable: 'CharacterBody2D(cyclist.gd)::_on_player_detector_body_exited': Cannot convert argument 1 from Object to Object.
   at: emit_signalp (core/object/object.cpp:1249)
ERROR: Error calling from signal 'body_exited' to callable: 'CharacterBody2D(cyclist.gd)::_on_player_detector_body_exited': Cannot convert argument 1 from Object to Object.
   at: emit_signalp (core/object/object.cpp:1249)
ERROR: Error calling from signal 'body_exited' to callable: 'CharacterBody2D(cyclist.gd)::_on_player_detector_body_exited': Cannot convert argument 1 from Object to Object.
   at: emit_signalp (core/object/object.cpp:1249)
ERROR: Error calling from signal 'body_exited' to callable: 'CharacterBody2D(cyclist.gd)::_on_player_detector_body_exited': Cannot convert argument 1 from Object to Object.
   at: emit_signalp (core/object/object.cpp:1249)
ERROR: Error calling from signal 'body_exited' to callable: 'CharacterBody2D(cyclist.gd)::_on_player_detector_body_exited': Cannot convert argument 1 from Object to Object.
   at: emit_signalp (core/object/object.cpp:1249)
ERROR: Error calling from signal 'body_exited' to callable: 'CharacterBody2D(cyclist.gd)::_on_player_detector_body_exited': Cannot convert argument 1 from Object to Object.
   at: emit_signalp (core/object/object.cpp:1249)
ERROR: Error calling from signal 'body_exited' to callable: 'CharacterBody2D(cyclist.gd)::_on_player_detector_body_exited': Cannot convert argument 1 from Object to Object.
   at: emit_signalp (core/object/object.cpp:1249)
ERROR: Error calling from signal 'body_exited' to callable: 'CharacterBody2D(cyclist.gd)::_on_player_detector_body_exited': Cannot convert argument 1 from Object to Object.
   at: emit_signalp (core/object/object.cpp:1249)
ERROR: Error calling from signal 'body_exited' to callable: 'CharacterBody2D(cyclist.gd)::_on_player_detector_body_exited': Cannot convert argument 1 from Object to Object.
   at: emit_signalp (core/object/object.cpp:1249)
ERROR: Error calling from signal 'body_exited' to callable: 'CharacterBody2D(cyclist.gd)::_on_player_detector_body_exited': Cannot convert argument 1 from Object to Object.
   at: emit_signalp (core/object/object.cpp:1249)
ERROR: Error calling from signal 'body_exited' to callable: 'CharacterBody2D(cyclist.gd)::_on_player_detector_body_exited': Cannot convert argument 1 from Object to Object.
   at: emit_signalp (core/object/object.cpp:1249)
ERROR: Error calling from signal 'body_exited' to callable: 'CharacterBody2D(cyclist.gd)::_on_player_detector_body_exited': Cannot convert argument 1 from Object to Object.
   at: emit_signalp (core/object/object.cpp:1249)
ERROR: Error calling from signal 'body_exited' to callable: 'CharacterBody2D(cyclist.gd)::_on_player_detector_body_exited': Cannot convert argument 1 from Object to Object.
   at: emit_signalp (core/object/object.cpp:1249)
ERROR: Node not found: "../DustParticles" (relative to "/root/Testing/PLayer/Player/PlayerVisuals").
   at: get_node (scene/main/node.cpp:1877)
ERROR: Error calling from signal 'body_entered' to callable: 'CharacterBody2D(cyclist.gd)::_on_decelleration_detector_body_entered': Cannot convert argument 1 from Object to Object.
   at: emit_signalp (core/object/object.cpp:1249)
ERROR: Error calling from signal 'body_entered' to callable: 'Area2D(damage_box.gd)::_on_body_entered': Cannot convert argument 1 from Object to Object.
   at: emit_signalp (core/object/object.cpp:1249)
ERROR: Error calling from signal 'body_entered' to callable: 'CharacterBody2D(piggeon.gd)::_on_detection_range_body_entered': Cannot convert argument 1 from Object to Object.
   at: emit_signalp (core/object/object.cpp:1249)
ERROR: Error calling from signal 'body_entered' to callable: 'CharacterBody2D(piggeon.gd)::_on_detection_range_body_entered': Cannot convert argument 1 from Object to Object.
   at: emit_signalp (core/object/object.cpp:1249)
ERROR: Error calling from signal 'body_entered' to callable: 'Area2D(damage_box.gd)::_on_body_entered': Cannot convert argument 1 from Object to Object.
   at: emit_signalp (core/object/object.cpp:1249)
ERROR: Error calling from signal 'body_entered' to callable: 'Area2D(tombino.gd)::_on_body_entered': Cannot convert argument 1 from Object to Object.
   at: emit_signalp (core/object/object.cpp:1249)
ERROR: Error calling from signal 'body_entered' to callable: 'Area2D(damage_box.gd)::_on_body_entered': Cannot convert argument 1 from Object to Object.
   at: emit_signalp (core/object/object.cpp:1249)
ERROR: Error calling from signal 'body_entered' to callable: 'CharacterBody2D(cyclist.gd)::_on_decelleration_detector_body_entered': Cannot convert argument 1 from Object to Object.
   at: emit_signalp (core/object/object.cpp:1249)
ERROR: Error calling from signal 'body_entered' to callable: 'Area2D(damage_box.gd)::_on_body_entered': Cannot convert argument 1 from Object to Object.
   at: emit_signalp (core/object/object.cpp:1249)
ERROR: Error calling from signal 'body_entered' to callable: 'Area2D(damage_box.gd)::_on_body_entered': Cannot convert argument 1 from Object to Object.
   at: emit_signalp (core/object/object.cpp:1249)
ERROR: Error calling from signal 'body_entered' to callable: 'Area2D(damage_box.gd)::_on_body_entered': Cannot convert argument 1 from Object to Object.
   at: emit_signalp (core/object/object.cpp:1249)
ERROR: Error calling from signal 'body_entered' to callable: 'Area2D(damage_box.gd)::_on_body_entered': Cannot convert argument 1 from Object to Object.
   at: emit_signalp (core/object/object.cpp:1249)
ERROR: Error calling from signal 'body_entered' to callable: 'Area2D(damage_box.gd)::_on_body_entered': Cannot convert argument 1 from Object to Object.
   at: emit_signalp (core/object/object.cpp:1249)
ERROR: Error calling from signal 'body_entered' to callable: 'Area2D(damage_box.gd)::_on_body_entered': Cannot convert argument 1 from Object to Object.
   at: emit_signalp (core/object/object.cpp:1249)
ERROR: Error calling from signal 'body_entered' to callable: 'CharacterBody2D(cyclist.gd)::_on_player_detector_body_entered': Cannot convert argument 1 from Object to Object.
   at: emit_signalp (core/object/object.cpp:1249)
ERROR: Error calling from signal 'body_entered' to callable: 'CharacterBody2D(cyclist.gd)::_on_player_detector_body_entered': Cannot convert argument 1 from Object to Object.
   at: emit_signalp (core/object/object.cpp:1249)
ERROR: Error calling from signal 'body_entered' to callable: 'CharacterBody2D(cyclist.gd)::_on_player_detector_body_entered': Cannot convert argument 1 from Object to Object.
   at: emit_signalp (core/object/object.cpp:1249)
ERROR: Error calling from signal 'body_entered' to callable: 'CharacterBody2D(cyclist.gd)::_on_player_detector_body_entered': Cannot convert argument 1 from Object to Object.
   at: emit_signalp (core/object/object.cpp:1249)
ERROR: Error calling from signal 'body_entered' to callable: 'Area2D(damage_box.gd)::_on_body_entered': Cannot convert argument 1 from Object to Object.
   at: emit_signalp (core/object/object.cpp:1249)
ERROR: Error calling from signal 'body_entered' to callable: 'CharacterBody2D(piggeon.gd)::_on_detection_range_body_entered': Cannot convert argument 1 from Object to Object.
   at: emit_signalp (core/object/object.cpp:1249)
ERROR: Error calling from signal 'body_entered' to callable: 'CharacterBody2D(piggeon.gd)::_on_detection_range_body_entered': Cannot convert argument 1 from Object to Object.
   at: emit_signalp (core/object/object.cpp:1249)
ERROR: Error calling from signal 'body_entered' to callable: 'CharacterBody2D(piggeon.gd)::_on_detection_range_body_entered': Cannot convert argument 1 from Object to Object.
   at: emit_signalp (core/object/object.cpp:1249)
ERROR: Error calling from signal 'body_entered' to callable: 'CharacterBody2D(cyclist.gd)::_on_decelleration_detector_body_entered': Cannot convert argument 1 from Object to Object.
   at: emit_signalp (core/object/object.cpp:1249)
ERROR: Error calling from signal 'body_entered' to callable: 'CharacterBody2D(piggeon.gd)::_on_detection_range_body_entered': Cannot convert argument 1 from Object to Object.
   at: emit_signalp (core/object/object.cpp:1249)
ERROR: Error calling from signal 'body_entered' to callable: 'CharacterBody2D(piggeon.gd)::_on_detection_range_body_entered': Cannot convert argument 1 from Object to Object.
   at: emit_signalp (core/object/object.cpp:1249)
ERROR: Error calling from signal 'body_entered' to callable: 'CharacterBody2D(piggeon.gd)::_on_detection_range_body_entered': Cannot convert argument 1 from Object to Object.
   at: emit_signalp (core/object/object.cpp:1249)
ERROR: Error calling from signal 'body_entered' to callable: 'Area2D(damage_box.gd)::_on_body_entered': Cannot convert argument 1 from Object to Object.
   at: emit_signalp (core/object/object.cpp:1249)
ERROR: Error calling from signal 'body_entered' to callable: 'Area2D(damage_box.gd)::_on_body_entered': Cannot convert argument 1 from Object to Object.
   at: emit_signalp (core/object/object.cpp:1249)
ERROR: Error calling from signal 'body_entered' to callable: 'Area2D(damage_box.gd)::_on_body_entered': Cannot convert argument 1 from Object to Object.
   at: emit_signalp (core/object/object.cpp:1249)
ERROR: Error calling from signal 'body_entered' to callable: 'CharacterBody2D(cyclist.gd)::_on_player_detector_body_entered': Cannot convert argument 1 from Object to Object.
   at: emit_signalp (core/object/object.cpp:1249)
ERROR: Error calling from signal 'body_entered' to callable: 'CharacterBody2D(cyclist.gd)::_on_player_detector_body_entered': Cannot convert argument 1 from Object to Object.
   at: emit_signalp (core/object/object.cpp:1249)
ERROR: Error calling from signal 'body_entered' to callable: 'CharacterBody2D(cyclist.gd)::_on_player_detector_body_entered': Cannot convert argument 1 from Object to Object.
   at: emit_signalp (core/object/object.cpp:1249)
ERROR: Error calling from signal 'body_entered' to callable: 'CharacterBody2D(cyclist.gd)::_on_player_detector_body_entered': Cannot convert argument 1 from Object to Object.
   at: emit_signalp (core/object/object.cpp:1249)
ERROR: Error calling from signal 'body_entered' to callable: 'Area2D(damage_box.gd)::_on_body_entered': Cannot convert argument 1 from Object to Object.
   at: emit_signalp (core/object/object.cpp:1249)
ERROR: Error calling from signal 'body_entered' to callable: 'CharacterBody2D(piggeon.gd)::_on_detection_range_body_entered': Cannot convert argument 1 from Object to Object.
   at: emit_signalp (core/object/object.cpp:1249)
ERROR: Error calling from signal 'body_entered' to callable: 'CharacterBody2D(piggeon.gd)::_on_detection_range_body_entered': Cannot convert argument 1 from Object to Object.
   at: emit_signalp (core/object/object.cpp:1249)
ERROR: Error calling from signal 'body_entered' to callable: 'CharacterBody2D(piggeon.gd)::_on_detection_range_body_entered': Cannot convert argument 1 from Object to Object.
   at: emit_signalp (core/object/object.cpp:1249)
ERROR: Error calling from signal 'body_entered' to callable: 'CharacterBody2D(piggeon.gd)::_on_detection_range_body_entered': Cannot convert argument 1 from Object to Object.
   at: emit_signalp (core/object/object.cpp:1249)
ERROR: Error calling from signal 'body_entered' to callable: 'CharacterBody2D(piggeon.gd)::_on_detection_range_body_entered': Cannot convert argument 1 from Object to Object.
   at: emit_signalp (core/object/object.cpp:1249)
ERROR: Error calling from signal 'body_entered' to callable: 'CharacterBody2D(piggeon.gd)::_on_detection_range_body_entered': Cannot convert argument 1 from Object to Object.
   at: emit_signalp (core/object/object.cpp:1249)
ERROR: Error calling from signal 'body_entered' to callable: 'CharacterBody2D(piggeon.gd)::_on_detection_range_body_entered': Cannot convert argument 1 from Object to Object.
   at: emit_signalp (core/object/object.cpp:1249)
ERROR: Error calling from signal 'body_entered' to callable: 'CharacterBody2D(piggeon.gd)::_on_detection_range_body_entered': Cannot convert argument 1 from Object to Object.
   at: emit_signalp (core/object/object.cpp:1249)
ERROR: Error calling from signal 'body_entered' to callable: 'CharacterBody2D(piggeon.gd)::_on_detection_range_body_entered': Cannot convert argument 1 from Object to Object.
   at: emit_signalp (core/object/object.cpp:1249)
ERROR: Error calling from signal 'body_entered' to callable: 'CharacterBody2D(piggeon.gd)::_on_detection_range_body_entered': Cannot convert argument 1 from Object to Object.
   at: emit_signalp (core/object/object.cpp:1249)
ERROR: Error calling from signal 'body_entered' to callable: 'CharacterBody2D(cyclist.gd)::_on_player_detector_body_entered': Cannot convert argument 1 from Object to Object.
   at: emit_signalp (core/object/object.cpp:1249)
ERROR: Error calling from signal 'body_entered' to callable: 'CharacterBody2D(cyclist.gd)::_on_player_detector_body_entered': Cannot convert argument 1 from Object to Object.
   at: emit_signalp (core/object/object.cpp:1249)
ERROR: Error calling from signal 'body_entered' to callable: 'CharacterBody2D(cyclist.gd)::_on_player_detector_body_entered': Cannot convert argument 1 from Object to Object.
   at: emit_signalp (core/object/object.cpp:1249)
ERROR: Error calling from signal 'body_entered' to callable: 'CharacterBody2D(cyclist.gd)::_on_player_detector_body_entered': Cannot convert argument 1 from Object to Object.
   at: emit_signalp (core/object/object.cpp:1249)
ERROR: Error calling from signal 'body_entered' to callable: 'CharacterBody2D(cyclist.gd)::_on_player_detector_body_entered': Cannot convert argument 1 from Object to Object.
   at: emit_signalp (core/object/object.cpp:1249)
ERROR: Error calling from signal 'body_entered' to callable: 'Area2D(damage_box.gd)::_on_body_entered': Cannot convert argument 1 from Object to Object.
   at: emit_signalp (core/object/object.cpp:1249)
ERROR: Error calling from signal 'body_entered' to callable: 'CharacterBody2D(piggeon.gd)::_on_detection_range_body_entered': Cannot convert argument 1 from Object to Object.
   at: emit_signalp (core/object/object.cpp:1249)
ERROR: Error calling from signal 'body_entered' to callable: 'Area2D(damage_box.gd)::_on_body_entered': Cannot convert argument 1 from Object to Object.
   at: emit_signalp (core/object/object.cpp:1249)
ERROR: Error calling from signal 'body_entered' to callable: 'Area2D(trash_bag.gd)::_on_body_entered': Cannot convert argument 1 from Object to Object.
   at: emit_signalp (core/object/object.cpp:1249)
ERROR: Function blocked during in/out signal. Use set_deferred("monitoring", true/false).
   at: set_monitoring (scene/2d/physics/area_2d.cpp:426)
ERROR: Error calling from signal 'body_entered' to callable: 'CharacterBody2D(piggeon.gd)::_on_detection_range_body_entered': Cannot convert argument 1 from Object to Object.
   at: emit_signalp (core/object/object.cpp:1249)
ERROR: Error calling from signal 'body_entered' to callable: 'CharacterBody2D(cyclist.gd)::_on_hit_detector_body_entered': Cannot convert argument 1 from Object to Object.
   at: emit_signalp (core/object/object.cpp:1249)
ERROR: Error calling from signal 'body_entered' to callable: 'CharacterBody2D(cyclist.gd)::_on_player_detector_body_entered': Cannot convert argument 1 from Object to Object.
   at: emit_signalp (core/object/object.cpp:1249)
ERROR: Error calling from signal 'body_entered' to callable: 'CharacterBody2D(cyclist.gd)::_on_hit_detector_body_entered': Cannot convert argument 1 from Object to Object.
   at: emit_signalp (core/object/object.cpp:1249)
ERROR: Error calling from signal 'body_entered' to callable: 'Area2D(damage_box.gd)::_on_body_entered': Cannot convert argument 1 from Object to Object.
   at: emit_signalp (core/object/object.cpp:1249)
ERROR: Error calling from signal 'body_exited' to callable: 'CharacterBody2D(cyclist.gd)::_on_player_detector_body_exited': Cannot convert argument 1 from Object to Object.
   at: emit_signalp (core/object/object.cpp:1249)
ERROR: Error calling from signal 'body_exited' to callable: 'CharacterBody2D(cyclist.gd)::_on_player_detector_body_exited': Cannot convert argument 1 from Object to Object.
   at: emit_signalp (core/object/object.cpp:1249)
ERROR: Error calling from signal 'body_exited' to callable: 'CharacterBody2D(cyclist.gd)::_on_player_detector_body_exited': Cannot convert argument 1 from Object to Object.
   at: emit_signalp (core/object/object.cpp:1249)
ERROR: Error calling from signal 'body_exited' to callable: 'CharacterBody2D(cyclist.gd)::_on_player_detector_body_exited': Cannot convert argument 1 from Object to Object.
   at: emit_signalp (core/object/object.cpp:1249)
ERROR: Error calling from signal 'body_exited' to callable: 'CharacterBody2D(cyclist.gd)::_on_player_detector_body_exited': Cannot convert argument 1 from Object to Object.
   at: emit_signalp (core/object/object.cpp:1249)
ERROR: Error calling from signal 'body_exited' to callable: 'CharacterBody2D(cyclist.gd)::_on_player_detector_body_exited': Cannot convert argument 1 from Object to Object.
   at: emit_signalp (core/object/object.cpp:1249)
ERROR: Error calling from signal 'body_exited' to callable: 'CharacterBody2D(cyclist.gd)::_on_player_detector_body_exited': Cannot convert argument 1 from Object to Object.
   at: emit_signalp (core/object/object.cpp:1249)
ERROR: Error calling from signal 'body_exited' to callable: 'CharacterBody2D(cyclist.gd)::_on_player_detector_body_exited': Cannot convert argument 1 from Object to Object.
   at: emit_signalp (core/object/object.cpp:1249)
ERROR: Error calling from signal 'body_exited' to callable: 'CharacterBody2D(cyclist.gd)::_on_player_detector_body_exited': Cannot convert argument 1 from Object to Object.
   at: emit_signalp (core/object/object.cpp:1249)
ERROR: Error calling from signal 'body_exited' to callable: 'CharacterBody2D(cyclist.gd)::_on_player_detector_body_exited': Cannot convert argument 1 from Object to Object.
   at: emit_signalp (core/object/object.cpp:1249)
ERROR: Error calling from signal 'body_exited' to callable: 'CharacterBody2D(cyclist.gd)::_on_player_detector_body_exited': Cannot convert argument 1 from Object to Object.
   at: emit_signalp (core/object/object.cpp:1249)
ERROR: Error calling from signal 'body_exited' to callable: 'CharacterBody2D(cyclist.gd)::_on_player_detector_body_exited': Cannot convert argument 1 from Object to Object.
   at: emit_signalp (core/object/object.cpp:1249)
ERROR: Error calling from signal 'body_exited' to callable: 'CharacterBody2D(cyclist.gd)::_on_player_detector_body_exited': Cannot convert argument 1 from Object to Object.
   at: emit_signalp (core/object/object.cpp:1249)
ERROR: Error calling from signal 'body_exited' to callable: 'CharacterBody2D(cyclist.gd)::_on_player_detector_body_exited': Cannot convert argument 1 from Object to Object.
   at: emit_signalp (core/object/object.cpp:1249)
ERROR: Node not found: "../DustParticles" (relative to "/root/Testing/PLayer/Player/PlayerVisuals").
   at: get_node (scene/main/node.cpp:1877)
ERROR: Error calling from signal 'body_entered' to callable: 'CharacterBody2D(cyclist.gd)::_on_decelleration_detector_body_entered': Cannot convert argument 1 from Object to Object.
   at: emit_signalp (core/object/object.cpp:1249)
ERROR: Error calling from signal 'body_entered' to callable: 'Area2D(damage_box.gd)::_on_body_entered': Cannot convert argument 1 from Object to Object.
   at: emit_signalp (core/object/object.cpp:1249)
ERROR: Error calling from signal 'body_entered' to callable: 'CharacterBody2D(piggeon.gd)::_on_detection_range_body_entered': Cannot convert argument 1 from Object to Object.
   at: emit_signalp (core/object/object.cpp:1249)
ERROR: Error calling from signal 'body_entered' to callable: 'CharacterBody2D(piggeon.gd)::_on_detection_range_body_entered': Cannot convert argument 1 from Object to Object.
   at: emit_signalp (core/object/object.cpp:1249)
ERROR: Error calling from signal 'body_entered' to callable: 'Area2D(damage_box.gd)::_on_body_entered': Cannot convert argument 1 from Object to Object.
   at: emit_signalp (core/object/object.cpp:1249)
ERROR: Error calling from signal 'body_entered' to callable: 'Area2D(tombino.gd)::_on_body_entered': Cannot convert argument 1 from Object to Object.
   at: emit_signalp (core/object/object.cpp:1249)
ERROR: Error calling from signal 'body_entered' to callable: 'Area2D(damage_box.gd)::_on_body_entered': Cannot convert argument 1 from Object to Object.
   at: emit_signalp (core/object/object.cpp:1249)
ERROR: Error calling from signal 'body_entered' to callable: 'CharacterBody2D(cyclist.gd)::_on_decelleration_detector_body_entered': Cannot convert argument 1 from Object to Object.
   at: emit_signalp (core/object/object.cpp:1249)
ERROR: Error calling from signal 'body_entered' to callable: 'Area2D(damage_box.gd)::_on_body_entered': Cannot convert argument 1 from Object to Object.
   at: emit_signalp (core/object/object.cpp:1249)
ERROR: Error calling from signal 'body_entered' to callable: 'Area2D(damage_box.gd)::_on_body_entered': Cannot convert argument 1 from Object to Object.
   at: emit_signalp (core/object/object.cpp:1249)
ERROR: Error calling from signal 'body_entered' to callable: 'Area2D(damage_box.gd)::_on_body_entered': Cannot convert argument 1 from Object to Object.
   at: emit_signalp (core/object/object.cpp:1249)
ERROR: Error calling from signal 'body_entered' to callable: 'Area2D(damage_box.gd)::_on_body_entered': Cannot convert argument 1 from Object to Object.
   at: emit_signalp (core/object/object.cpp:1249)
ERROR: Error calling from signal 'body_entered' to callable: 'Area2D(damage_box.gd)::_on_body_entered': Cannot convert argument 1 from Object to Object.
   at: emit_signalp (core/object/object.cpp:1249)
ERROR: Error calling from signal 'body_entered' to callable: 'Area2D(damage_box.gd)::_on_body_entered': Cannot convert argument 1 from Object to Object.
   at: emit_signalp (core/object/object.cpp:1249)
ERROR: Error calling from signal 'body_entered' to callable: 'CharacterBody2D(cyclist.gd)::_on_player_detector_body_entered': Cannot convert argument 1 from Object to Object.
   at: emit_signalp (core/object/object.cpp:1249)
ERROR: Error calling from signal 'body_entered' to callable: 'CharacterBody2D(cyclist.gd)::_on_player_detector_body_entered': Cannot convert argument 1 from Object to Object.
   at: emit_signalp (core/object/object.cpp:1249)
ERROR: Error calling from signal 'body_entered' to callable: 'CharacterBody2D(cyclist.gd)::_on_player_detector_body_entered': Cannot convert argument 1 from Object to Object.
   at: emit_signalp (core/object/object.cpp:1249)
ERROR: Error calling from signal 'body_entered' to callable: 'CharacterBody2D(cyclist.gd)::_on_player_detector_body_entered': Cannot convert argument 1 from Object to Object.
   at: emit_signalp (core/object/object.cpp:1249)
ERROR: Error calling from signal 'body_entered' to callable: 'Area2D(damage_box.gd)::_on_body_entered': Cannot convert argument 1 from Object to Object.
   at: emit_signalp (core/object/object.cpp:1249)
ERROR: Error calling from signal 'body_entered' to callable: 'CharacterBody2D(piggeon.gd)::_on_detection_range_body_entered': Cannot convert argument 1 from Object to Object.
   at: emit_signalp (core/object/object.cpp:1249)
ERROR: Error calling from signal 'body_entered' to callable: 'CharacterBody2D(piggeon.gd)::_on_detection_range_body_entered': Cannot convert argument 1 from Object to Object.
   at: emit_signalp (core/object/object.cpp:1249)
ERROR: Error calling from signal 'body_entered' to callable: 'CharacterBody2D(piggeon.gd)::_on_detection_range_body_entered': Cannot convert argument 1 from Object to Object.
   at: emit_signalp (core/object/object.cpp:1249)
ERROR: Error calling from signal 'body_entered' to callable: 'CharacterBody2D(cyclist.gd)::_on_decelleration_detector_body_entered': Cannot convert argument 1 from Object to Object.
   at: emit_signalp (core/object/object.cpp:1249)
ERROR: Error calling from signal 'body_entered' to callable: 'CharacterBody2D(piggeon.gd)::_on_detection_range_body_entered': Cannot convert argument 1 from Object to Object.
   at: emit_signalp (core/object/object.cpp:1249)
ERROR: Error calling from signal 'body_entered' to callable: 'CharacterBody2D(piggeon.gd)::_on_detection_range_body_entered': Cannot convert argument 1 from Object to Object.
   at: emit_signalp (core/object/object.cpp:1249)
ERROR: Error calling from signal 'body_entered' to callable: 'CharacterBody2D(piggeon.gd)::_on_detection_range_body_entered': Cannot convert argument 1 from Object to Object.
   at: emit_signalp (core/object/object.cpp:1249)
ERROR: Error calling from signal 'body_entered' to callable: 'Area2D(damage_box.gd)::_on_body_entered': Cannot convert argument 1 from Object to Object.
   at: emit_signalp (core/object/object.cpp:1249)
ERROR: Error calling from signal 'body_entered' to callable: 'Area2D(damage_box.gd)::_on_body_entered': Cannot convert argument 1 from Object to Object.
   at: emit_signalp (core/object/object.cpp:1249)
ERROR: Error calling from signal 'body_entered' to callable: 'Area2D(damage_box.gd)::_on_body_entered': Cannot convert argument 1 from Object to Object.
   at: emit_signalp (core/object/object.cpp:1249)
ERROR: Error calling from signal 'body_entered' to callable: 'CharacterBody2D(cyclist.gd)::_on_player_detector_body_entered': Cannot convert argument 1 from Object to Object.
   at: emit_signalp (core/object/object.cpp:1249)
ERROR: Error calling from signal 'body_entered' to callable: 'CharacterBody2D(cyclist.gd)::_on_player_detector_body_entered': Cannot convert argument 1 from Object to Object.
   at: emit_signalp (core/object/object.cpp:1249)
ERROR: Error calling from signal 'body_entered' to callable: 'CharacterBody2D(cyclist.gd)::_on_player_detector_body_entered': Cannot convert argument 1 from Object to Object.
   at: emit_signalp (core/object/object.cpp:1249)
ERROR: Error calling from signal 'body_entered' to callable: 'CharacterBody2D(cyclist.gd)::_on_player_detector_body_entered': Cannot convert argument 1 from Object to Object.
   at: emit_signalp (core/object/object.cpp:1249)
ERROR: Error calling from signal 'body_entered' to callable: 'Area2D(damage_box.gd)::_on_body_entered': Cannot convert argument 1 from Object to Object.
   at: emit_signalp (core/object/object.cpp:1249)
ERROR: Error calling from signal 'body_entered' to callable: 'CharacterBody2D(piggeon.gd)::_on_detection_range_body_entered': Cannot convert argument 1 from Object to Object.
   at: emit_signalp (core/object/object.cpp:1249)
ERROR: Error calling from signal 'body_entered' to callable: 'CharacterBody2D(piggeon.gd)::_on_detection_range_body_entered': Cannot convert argument 1 from Object to Object.
   at: emit_signalp (core/object/object.cpp:1249)
ERROR: Error calling from signal 'body_entered' to callable: 'CharacterBody2D(piggeon.gd)::_on_detection_range_body_entered': Cannot convert argument 1 from Object to Object.
   at: emit_signalp (core/object/object.cpp:1249)
ERROR: Error calling from signal 'body_entered' to callable: 'CharacterBody2D(piggeon.gd)::_on_detection_range_body_entered': Cannot convert argument 1 from Object to Object.
   at: emit_signalp (core/object/object.cpp:1249)
ERROR: Error calling from signal 'body_entered' to callable: 'CharacterBody2D(piggeon.gd)::_on_detection_range_body_entered': Cannot convert argument 1 from Object to Object.
   at: emit_signalp (core/object/object.cpp:1249)
ERROR: Error calling from signal 'body_entered' to callable: 'CharacterBody2D(piggeon.gd)::_on_detection_range_body_entered': Cannot convert argument 1 from Object to Object.
   at: emit_signalp (core/object/object.cpp:1249)
ERROR: Error calling from signal 'body_entered' to callable: 'CharacterBody2D(piggeon.gd)::_on_detection_range_body_entered': Cannot convert argument 1 from Object to Object.
   at: emit_signalp (core/object/object.cpp:1249)
ERROR: Error calling from signal 'body_entered' to callable: 'CharacterBody2D(piggeon.gd)::_on_detection_range_body_entered': Cannot convert argument 1 from Object to Object.
   at: emit_signalp (core/object/object.cpp:1249)
ERROR: Error calling from signal 'body_entered' to callable: 'CharacterBody2D(piggeon.gd)::_on_detection_range_body_entered': Cannot convert argument 1 from Object to Object.
   at: emit_signalp (core/object/object.cpp:1249)
ERROR: Error calling from signal 'body_entered' to callable: 'CharacterBody2D(piggeon.gd)::_on_detection_range_body_entered': Cannot convert argument 1 from Object to Object.
   at: emit_signalp (core/object/object.cpp:1249)
ERROR: Error calling from signal 'body_entered' to callable: 'CharacterBody2D(cyclist.gd)::_on_player_detector_body_entered': Cannot convert argument 1 from Object to Object.
   at: emit_signalp (core/object/object.cpp:1249)
ERROR: Error calling from signal 'body_entered' to callable: 'CharacterBody2D(cyclist.gd)::_on_player_detector_body_entered': Cannot convert argument 1 from Object to Object.
   at: emit_signalp (core/object/object.cpp:1249)
ERROR: Error calling from signal 'body_entered' to callable: 'CharacterBody2D(cyclist.gd)::_on_player_detector_body_entered': Cannot convert argument 1 from Object to Object.
   at: emit_signalp (core/object/object.cpp:1249)
ERROR: Error calling from signal 'body_entered' to callable: 'CharacterBody2D(cyclist.gd)::_on_player_detector_body_entered': Cannot convert argument 1 from Object to Object.
   at: emit_signalp (core/object/object.cpp:1249)
ERROR: Error calling from signal 'body_entered' to callable: 'CharacterBody2D(cyclist.gd)::_on_player_detector_body_entered': Cannot convert argument 1 from Object to Object.
   at: emit_signalp (core/object/object.cpp:1249)
ERROR: Error calling from signal 'body_entered' to callable: 'Area2D(damage_box.gd)::_on_body_entered': Cannot convert argument 1 from Object to Object.
   at: emit_signalp (core/object/object.cpp:1249)
ERROR: Error calling from signal 'body_entered' to callable: 'CharacterBody2D(piggeon.gd)::_on_detection_range_body_entered': Cannot convert argument 1 from Object to Object.
   at: emit_signalp (core/object/object.cpp:1249)
ERROR: Error calling from signal 'body_entered' to callable: 'Area2D(damage_box.gd)::_on_body_entered': Cannot convert argument 1 from Object to Object.
   at: emit_signalp (core/object/object.cpp:1249)
ERROR: Error calling from signal 'body_entered' to callable: 'Area2D(trash_bag.gd)::_on_body_entered': Cannot convert argument 1 from Object to Object.
   at: emit_signalp (core/object/object.cpp:1249)
